2024-06-24 18:08:06,499 p=3444395 u=upszot n=ansible | [WARNING]: A duplicate localhost-like entry was found (localhost). First found localhost was 127.0.0.1

2024-06-24 18:08:06,598 p=3444395 u=upszot n=ansible | PLAY [all] **********************************************************************************************************************************************************************************************************************************
2024-06-24 18:08:06,609 p=3444395 u=upszot n=ansible | TASK [Gathering Facts] **********************************************************************************************************************************************************************************************************************
2024-06-24 18:08:07,746 p=3444395 u=upszot n=ansible | ok: [localhost]
2024-06-24 18:08:07,775 p=3444395 u=upszot n=ansible | TASK [include_role : 2do_parcial] ***********************************************************************************************************************************************************************************************************
2024-06-24 18:08:07,805 p=3444395 u=upszot n=ansible | TASK [2do_parcial : debug] ******************************************************************************************************************************************************************************************************************
2024-06-24 18:08:07,817 p=3444395 u=upszot n=ansible | ok: [localhost] => {
    "msg": "Tareas del 2do Parcial"
}
2024-06-24 18:08:07,836 p=3444395 u=upszot n=ansible | TASK [Otra tarea] ***************************************************************************************************************************************************************************************************************************
2024-06-24 18:08:07,851 p=3444395 u=upszot n=ansible | ok: [localhost] => {
    "msg": "Despues de la ejecucion del rol"
}
2024-06-24 18:08:07,885 p=3444395 u=upszot n=ansible | PLAY RECAP **********************************************************************************************************************************************************************************************************************************
2024-06-24 18:08:07,885 p=3444395 u=upszot n=ansible | localhost                  : ok=3    changed=0    unreachable=0    failed=0    skipped=0    rescued=0    ignored=0   
2024-11-19 00:10:56,741 p=2348 u=vagrant n=ansible | [WARNING]: A duplicate localhost-like entry was found (localhost). First found
localhost was 127.0.0.1

2024-11-19 00:10:57,598 p=2348 u=vagrant n=ansible | PLAY [all] *********************************************************************
2024-11-19 00:10:57,665 p=2348 u=vagrant n=ansible | TASK [Gathering Facts] *********************************************************
2024-11-19 00:11:02,125 p=2348 u=vagrant n=ansible | ok: [localhost]
2024-11-19 00:11:04,048 p=2348 u=vagrant n=ansible | ok: [127.0.0.1]
2024-11-19 00:11:04,150 p=2348 u=vagrant n=ansible | TASK [include_role : 2do_parcial] **********************************************
2024-11-19 00:11:04,412 p=2348 u=vagrant n=ansible | TASK [2do_parcial : debug] *****************************************************
2024-11-19 00:11:04,509 p=2348 u=vagrant n=ansible | ok: [127.0.0.1] => {
    "msg": "Tareas del 2do Parcial"
}
2024-11-19 00:11:04,531 p=2348 u=vagrant n=ansible | ok: [localhost] => {
    "msg": "Tareas del 2do Parcial"
}
2024-11-19 00:11:04,582 p=2348 u=vagrant n=ansible | TASK [Otra tarea] **************************************************************
2024-11-19 00:11:04,662 p=2348 u=vagrant n=ansible | ok: [127.0.0.1] => {
    "msg": "Despues de la ejecucion del rol"
}
2024-11-19 00:11:04,708 p=2348 u=vagrant n=ansible | ok: [localhost] => {
    "msg": "Despues de la ejecucion del rol"
}
2024-11-19 00:11:04,784 p=2348 u=vagrant n=ansible | PLAY RECAP *********************************************************************
2024-11-19 00:11:04,785 p=2348 u=vagrant n=ansible | 127.0.0.1                  : ok=3    changed=0    unreachable=0    failed=0    skipped=0    rescued=0    ignored=0   
2024-11-19 00:11:04,787 p=2348 u=vagrant n=ansible | localhost                  : ok=3    changed=0    unreachable=0    failed=0    skipped=0    rescued=0    ignored=0   
